{"/mnt/projects/quad4-reticulum-go-wasm/frontend/src/lib/db.ts": {"path":"/mnt/projects/quad4-reticulum-go-wasm/frontend/src/lib/db.ts","statementMap":{"0":{"start":{"line":4,"column":16},"end":{"line":4,"column":null}},"1":{"start":{"line":5,"column":19},"end":{"line":5,"column":null}},"2":{"start":{"line":31,"column":34},"end":{"line":31,"column":null}},"3":{"start":{"line":34,"column":2},"end":{"line":34,"column":null}},"4":{"start":{"line":34,"column":15},"end":{"line":34,"column":null}},"5":{"start":{"line":36,"column":2},"end":{"line":70,"column":null}},"6":{"start":{"line":37,"column":19},"end":{"line":37,"column":null}},"7":{"start":{"line":39,"column":3},"end":{"line":39,"column":null}},"8":{"start":{"line":39,"column":27},"end":{"line":39,"column":null}},"9":{"start":{"line":40,"column":3},"end":{"line":43,"column":null}},"10":{"start":{"line":41,"column":4},"end":{"line":41,"column":null}},"11":{"start":{"line":42,"column":4},"end":{"line":42,"column":null}},"12":{"start":{"line":45,"column":3},"end":{"line":69,"column":null}},"13":{"start":{"line":46,"column":16},"end":{"line":46,"column":null}},"14":{"start":{"line":49,"column":4},"end":{"line":51,"column":null}},"15":{"start":{"line":50,"column":5},"end":{"line":50,"column":null}},"16":{"start":{"line":54,"column":4},"end":{"line":60,"column":null}},"17":{"start":{"line":55,"column":26},"end":{"line":58,"column":null}},"18":{"start":{"line":59,"column":5},"end":{"line":59,"column":null}},"19":{"start":{"line":63,"column":4},"end":{"line":68,"column":null}},"20":{"start":{"line":64,"column":22},"end":{"line":66,"column":null}},"21":{"start":{"line":67,"column":5},"end":{"line":67,"column":null}},"22":{"start":{"line":74,"column":2},"end":{"line":74,"column":null}},"23":{"start":{"line":74,"column":16},"end":{"line":74,"column":null}},"24":{"start":{"line":75,"column":13},"end":{"line":75,"column":null}},"25":{"start":{"line":76,"column":2},"end":{"line":88,"column":null}},"26":{"start":{"line":77,"column":23},"end":{"line":77,"column":null}},"27":{"start":{"line":78,"column":17},"end":{"line":78,"column":null}},"28":{"start":{"line":79,"column":19},"end":{"line":84,"column":null}},"29":{"start":{"line":86,"column":3},"end":{"line":86,"column":null}},"30":{"start":{"line":86,"column":29},"end":{"line":86,"column":null}},"31":{"start":{"line":87,"column":3},"end":{"line":87,"column":null}},"32":{"start":{"line":87,"column":27},"end":{"line":87,"column":null}},"33":{"start":{"line":92,"column":2},"end":{"line":92,"column":null}},"34":{"start":{"line":92,"column":16},"end":{"line":92,"column":null}},"35":{"start":{"line":93,"column":13},"end":{"line":93,"column":null}},"36":{"start":{"line":94,"column":2},"end":{"line":111,"column":null}},"37":{"start":{"line":95,"column":23},"end":{"line":95,"column":null}},"38":{"start":{"line":96,"column":17},"end":{"line":96,"column":null}},"39":{"start":{"line":97,"column":19},"end":{"line":97,"column":null}},"40":{"start":{"line":99,"column":3},"end":{"line":109,"column":null}},"41":{"start":{"line":100,"column":20},"end":{"line":100,"column":null}},"42":{"start":{"line":101,"column":4},"end":{"line":108,"column":null}},"43":{"start":{"line":102,"column":25},"end":{"line":107,"column":7}},"44":{"start":{"line":110,"column":3},"end":{"line":110,"column":null}},"45":{"start":{"line":110,"column":27},"end":{"line":110,"column":null}},"46":{"start":{"line":115,"column":2},"end":{"line":115,"column":null}},"47":{"start":{"line":115,"column":16},"end":{"line":115,"column":null}},"48":{"start":{"line":116,"column":13},"end":{"line":116,"column":null}},"49":{"start":{"line":117,"column":2},"end":{"line":130,"column":null}},"50":{"start":{"line":118,"column":23},"end":{"line":118,"column":null}},"51":{"start":{"line":119,"column":17},"end":{"line":119,"column":null}},"52":{"start":{"line":120,"column":19},"end":{"line":126,"column":null}},"53":{"start":{"line":128,"column":3},"end":{"line":128,"column":null}},"54":{"start":{"line":128,"column":29},"end":{"line":128,"column":null}},"55":{"start":{"line":129,"column":3},"end":{"line":129,"column":null}},"56":{"start":{"line":129,"column":27},"end":{"line":129,"column":null}},"57":{"start":{"line":134,"column":2},"end":{"line":134,"column":null}},"58":{"start":{"line":134,"column":16},"end":{"line":134,"column":null}},"59":{"start":{"line":135,"column":13},"end":{"line":135,"column":null}},"60":{"start":{"line":136,"column":2},"end":{"line":155,"column":null}},"61":{"start":{"line":137,"column":23},"end":{"line":137,"column":null}},"62":{"start":{"line":138,"column":17},"end":{"line":138,"column":null}},"63":{"start":{"line":139,"column":17},"end":{"line":139,"column":null}},"64":{"start":{"line":140,"column":19},"end":{"line":140,"column":null}},"65":{"start":{"line":142,"column":3},"end":{"line":153,"column":null}},"66":{"start":{"line":143,"column":23},"end":{"line":143,"column":null}},"67":{"start":{"line":144,"column":4},"end":{"line":152,"column":null}},"68":{"start":{"line":145,"column":28},"end":{"line":151,"column":7}},"69":{"start":{"line":154,"column":3},"end":{"line":154,"column":null}},"70":{"start":{"line":154,"column":27},"end":{"line":154,"column":null}},"71":{"start":{"line":159,"column":2},"end":{"line":159,"column":null}},"72":{"start":{"line":159,"column":16},"end":{"line":159,"column":null}},"73":{"start":{"line":160,"column":13},"end":{"line":160,"column":null}},"74":{"start":{"line":161,"column":2},"end":{"line":167,"column":null}},"75":{"start":{"line":162,"column":23},"end":{"line":162,"column":null}},"76":{"start":{"line":163,"column":17},"end":{"line":163,"column":null}},"77":{"start":{"line":164,"column":19},"end":{"line":164,"column":null}},"78":{"start":{"line":165,"column":3},"end":{"line":165,"column":null}},"79":{"start":{"line":165,"column":29},"end":{"line":165,"column":null}},"80":{"start":{"line":166,"column":3},"end":{"line":166,"column":null}},"81":{"start":{"line":166,"column":27},"end":{"line":166,"column":null}},"82":{"start":{"line":171,"column":2},"end":{"line":171,"column":null}},"83":{"start":{"line":171,"column":16},"end":{"line":171,"column":null}},"84":{"start":{"line":172,"column":13},"end":{"line":172,"column":null}},"85":{"start":{"line":173,"column":2},"end":{"line":179,"column":null}},"86":{"start":{"line":174,"column":23},"end":{"line":174,"column":null}},"87":{"start":{"line":175,"column":17},"end":{"line":175,"column":null}},"88":{"start":{"line":176,"column":19},"end":{"line":176,"column":null}},"89":{"start":{"line":177,"column":3},"end":{"line":177,"column":null}},"90":{"start":{"line":177,"column":29},"end":{"line":177,"column":null}},"91":{"start":{"line":178,"column":3},"end":{"line":178,"column":null}},"92":{"start":{"line":178,"column":27},"end":{"line":178,"column":null}},"93":{"start":{"line":183,"column":2},"end":{"line":183,"column":null}},"94":{"start":{"line":183,"column":16},"end":{"line":183,"column":null}},"95":{"start":{"line":184,"column":13},"end":{"line":184,"column":null}},"96":{"start":{"line":185,"column":2},"end":{"line":192,"column":null}},"97":{"start":{"line":186,"column":23},"end":{"line":186,"column":null}},"98":{"start":{"line":187,"column":17},"end":{"line":187,"column":null}},"99":{"start":{"line":188,"column":17},"end":{"line":188,"column":null}},"100":{"start":{"line":189,"column":19},"end":{"line":189,"column":null}},"101":{"start":{"line":190,"column":3},"end":{"line":190,"column":null}},"102":{"start":{"line":190,"column":29},"end":{"line":190,"column":null}},"103":{"start":{"line":191,"column":3},"end":{"line":191,"column":null}},"104":{"start":{"line":191,"column":27},"end":{"line":191,"column":null}},"105":{"start":{"line":196,"column":2},"end":{"line":196,"column":null}},"106":{"start":{"line":196,"column":16},"end":{"line":196,"column":null}},"107":{"start":{"line":197,"column":13},"end":{"line":197,"column":null}},"108":{"start":{"line":198,"column":2},"end":{"line":204,"column":null}},"109":{"start":{"line":199,"column":23},"end":{"line":199,"column":null}},"110":{"start":{"line":200,"column":17},"end":{"line":200,"column":null}},"111":{"start":{"line":201,"column":19},"end":{"line":201,"column":null}},"112":{"start":{"line":202,"column":3},"end":{"line":202,"column":null}},"113":{"start":{"line":202,"column":29},"end":{"line":202,"column":null}},"114":{"start":{"line":203,"column":3},"end":{"line":203,"column":null}},"115":{"start":{"line":203,"column":27},"end":{"line":203,"column":null}},"116":{"start":{"line":208,"column":18},"end":{"line":208,"column":null}},"117":{"start":{"line":211,"column":23},"end":{"line":211,"column":null}},"118":{"start":{"line":211,"column":39},"end":{"line":211,"column":null}},"119":{"start":{"line":212,"column":22},"end":{"line":212,"column":null}},"120":{"start":{"line":212,"column":54},"end":{"line":212,"column":null}},"121":{"start":{"line":213,"column":33},"end":{"line":213,"column":null}},"122":{"start":{"line":213,"column":51},"end":{"line":213,"column":null}},"123":{"start":{"line":214,"column":26},"end":{"line":214,"column":null}},"124":{"start":{"line":214,"column":32},"end":{"line":214,"column":null}}},"fnMap":{"0":{"name":"(anonymous_0)","decl":{"start":{"line":33,"column":15},"end":{"line":33,"column":45}},"loc":{"start":{"line":33,"column":45},"end":{"line":71,"column":null}},"line":33},"1":{"name":"(anonymous_1)","decl":{"start":{"line":36,"column":21},"end":{"line":36,"column":22}},"loc":{"start":{"line":36,"column":42},"end":{"line":70,"column":3}},"line":36},"2":{"name":"(anonymous_2)","decl":{"start":{"line":39,"column":21},"end":{"line":39,"column":27}},"loc":{"start":{"line":39,"column":27},"end":{"line":39,"column":null}},"line":39},"3":{"name":"(anonymous_3)","decl":{"start":{"line":40,"column":23},"end":{"line":40,"column":29}},"loc":{"start":{"line":40,"column":29},"end":{"line":43,"column":null}},"line":40},"4":{"name":"(anonymous_4)","decl":{"start":{"line":45,"column":29},"end":{"line":45,"column":30}},"loc":{"start":{"line":45,"column":40},"end":{"line":69,"column":null}},"line":45},"5":{"name":"(anonymous_5)","decl":{"start":{"line":73,"column":7},"end":{"line":73,"column":16}},"loc":{"start":{"line":73,"column":28},"end":{"line":89,"column":null}},"line":73},"6":{"name":"(anonymous_6)","decl":{"start":{"line":76,"column":27},"end":{"line":76,"column":28}},"loc":{"start":{"line":76,"column":48},"end":{"line":88,"column":3}},"line":76},"7":{"name":"(anonymous_7)","decl":{"start":{"line":86,"column":23},"end":{"line":86,"column":29}},"loc":{"start":{"line":86,"column":29},"end":{"line":86,"column":null}},"line":86},"8":{"name":"(anonymous_8)","decl":{"start":{"line":87,"column":21},"end":{"line":87,"column":27}},"loc":{"start":{"line":87,"column":27},"end":{"line":87,"column":null}},"line":87},"9":{"name":"(anonymous_9)","decl":{"start":{"line":91,"column":7},"end":{"line":91,"column":38}},"loc":{"start":{"line":91,"column":38},"end":{"line":112,"column":null}},"line":91},"10":{"name":"(anonymous_10)","decl":{"start":{"line":94,"column":21},"end":{"line":94,"column":22}},"loc":{"start":{"line":94,"column":42},"end":{"line":111,"column":3}},"line":94},"11":{"name":"(anonymous_11)","decl":{"start":{"line":99,"column":23},"end":{"line":99,"column":29}},"loc":{"start":{"line":99,"column":29},"end":{"line":109,"column":null}},"line":99},"12":{"name":"(anonymous_12)","decl":{"start":{"line":102,"column":17},"end":{"line":102,"column":18}},"loc":{"start":{"line":102,"column":25},"end":{"line":107,"column":7}},"line":102},"13":{"name":"(anonymous_13)","decl":{"start":{"line":110,"column":21},"end":{"line":110,"column":27}},"loc":{"start":{"line":110,"column":27},"end":{"line":110,"column":null}},"line":110},"14":{"name":"(anonymous_14)","decl":{"start":{"line":114,"column":7},"end":{"line":114,"column":19}},"loc":{"start":{"line":114,"column":59},"end":{"line":131,"column":null}},"line":114},"15":{"name":"(anonymous_15)","decl":{"start":{"line":117,"column":27},"end":{"line":117,"column":28}},"loc":{"start":{"line":117,"column":48},"end":{"line":130,"column":3}},"line":117},"16":{"name":"(anonymous_16)","decl":{"start":{"line":128,"column":23},"end":{"line":128,"column":29}},"loc":{"start":{"line":128,"column":29},"end":{"line":128,"column":null}},"line":128},"17":{"name":"(anonymous_17)","decl":{"start":{"line":129,"column":21},"end":{"line":129,"column":27}},"loc":{"start":{"line":129,"column":27},"end":{"line":129,"column":null}},"line":129},"18":{"name":"(anonymous_18)","decl":{"start":{"line":133,"column":7},"end":{"line":133,"column":19}},"loc":{"start":{"line":133,"column":61},"end":{"line":156,"column":null}},"line":133},"19":{"name":"(anonymous_19)","decl":{"start":{"line":136,"column":21},"end":{"line":136,"column":22}},"loc":{"start":{"line":136,"column":42},"end":{"line":155,"column":3}},"line":136},"20":{"name":"(anonymous_20)","decl":{"start":{"line":142,"column":23},"end":{"line":142,"column":29}},"loc":{"start":{"line":142,"column":29},"end":{"line":153,"column":null}},"line":142},"21":{"name":"(anonymous_21)","decl":{"start":{"line":145,"column":20},"end":{"line":145,"column":21}},"loc":{"start":{"line":145,"column":28},"end":{"line":151,"column":7}},"line":145},"22":{"name":"(anonymous_22)","decl":{"start":{"line":154,"column":21},"end":{"line":154,"column":27}},"loc":{"start":{"line":154,"column":27},"end":{"line":154,"column":null}},"line":154},"23":{"name":"(anonymous_23)","decl":{"start":{"line":158,"column":7},"end":{"line":158,"column":15}},"loc":{"start":{"line":158,"column":27},"end":{"line":168,"column":null}},"line":158},"24":{"name":"(anonymous_24)","decl":{"start":{"line":161,"column":27},"end":{"line":161,"column":28}},"loc":{"start":{"line":161,"column":48},"end":{"line":167,"column":3}},"line":161},"25":{"name":"(anonymous_25)","decl":{"start":{"line":165,"column":23},"end":{"line":165,"column":29}},"loc":{"start":{"line":165,"column":29},"end":{"line":165,"column":null}},"line":165},"26":{"name":"(anonymous_26)","decl":{"start":{"line":166,"column":21},"end":{"line":166,"column":27}},"loc":{"start":{"line":166,"column":27},"end":{"line":166,"column":null}},"line":166},"27":{"name":"(anonymous_27)","decl":{"start":{"line":170,"column":7},"end":{"line":170,"column":14}},"loc":{"start":{"line":170,"column":65},"end":{"line":180,"column":null}},"line":170},"28":{"name":"(anonymous_28)","decl":{"start":{"line":173,"column":21},"end":{"line":173,"column":22}},"loc":{"start":{"line":173,"column":42},"end":{"line":179,"column":3}},"line":173},"29":{"name":"(anonymous_29)","decl":{"start":{"line":177,"column":23},"end":{"line":177,"column":29}},"loc":{"start":{"line":177,"column":29},"end":{"line":177,"column":null}},"line":177},"30":{"name":"(anonymous_30)","decl":{"start":{"line":178,"column":21},"end":{"line":178,"column":27}},"loc":{"start":{"line":178,"column":27},"end":{"line":178,"column":null}},"line":178},"31":{"name":"(anonymous_31)","decl":{"start":{"line":182,"column":7},"end":{"line":182,"column":25}},"loc":{"start":{"line":182,"column":57},"end":{"line":193,"column":null}},"line":182},"32":{"name":"(anonymous_32)","decl":{"start":{"line":185,"column":21},"end":{"line":185,"column":22}},"loc":{"start":{"line":185,"column":42},"end":{"line":192,"column":3}},"line":185},"33":{"name":"(anonymous_33)","decl":{"start":{"line":190,"column":23},"end":{"line":190,"column":29}},"loc":{"start":{"line":190,"column":29},"end":{"line":190,"column":null}},"line":190},"34":{"name":"(anonymous_34)","decl":{"start":{"line":191,"column":21},"end":{"line":191,"column":27}},"loc":{"start":{"line":191,"column":27},"end":{"line":191,"column":null}},"line":191},"35":{"name":"(anonymous_35)","decl":{"start":{"line":195,"column":7},"end":{"line":195,"column":38}},"loc":{"start":{"line":195,"column":38},"end":{"line":205,"column":null}},"line":195},"36":{"name":"(anonymous_36)","decl":{"start":{"line":198,"column":21},"end":{"line":198,"column":22}},"loc":{"start":{"line":198,"column":42},"end":{"line":204,"column":3}},"line":198},"37":{"name":"(anonymous_37)","decl":{"start":{"line":202,"column":23},"end":{"line":202,"column":29}},"loc":{"start":{"line":202,"column":29},"end":{"line":202,"column":null}},"line":202},"38":{"name":"(anonymous_38)","decl":{"start":{"line":203,"column":21},"end":{"line":203,"column":27}},"loc":{"start":{"line":203,"column":27},"end":{"line":203,"column":null}},"line":203},"39":{"name":"(anonymous_39)","decl":{"start":{"line":211,"column":23},"end":{"line":211,"column":24}},"loc":{"start":{"line":211,"column":39},"end":{"line":211,"column":null}},"line":211},"40":{"name":"(anonymous_40)","decl":{"start":{"line":212,"column":22},"end":{"line":212,"column":23}},"loc":{"start":{"line":212,"column":54},"end":{"line":212,"column":null}},"line":212},"41":{"name":"(anonymous_41)","decl":{"start":{"line":213,"column":33},"end":{"line":213,"column":34}},"loc":{"start":{"line":213,"column":51},"end":{"line":213,"column":null}},"line":213},"42":{"name":"(anonymous_42)","decl":{"start":{"line":214,"column":26},"end":{"line":214,"column":32}},"loc":{"start":{"line":214,"column":32},"end":{"line":214,"column":null}},"line":214}},"branchMap":{"0":{"loc":{"start":{"line":34,"column":2},"end":{"line":34,"column":null}},"type":"if","locations":[{"start":{"line":34,"column":2},"end":{"line":34,"column":null}},{"start":{},"end":{}}],"line":34},"1":{"loc":{"start":{"line":49,"column":4},"end":{"line":51,"column":null}},"type":"if","locations":[{"start":{"line":49,"column":4},"end":{"line":51,"column":null}},{"start":{},"end":{}}],"line":49},"2":{"loc":{"start":{"line":54,"column":4},"end":{"line":60,"column":null}},"type":"if","locations":[{"start":{"line":54,"column":4},"end":{"line":60,"column":null}},{"start":{},"end":{}}],"line":54},"3":{"loc":{"start":{"line":63,"column":4},"end":{"line":68,"column":null}},"type":"if","locations":[{"start":{"line":63,"column":4},"end":{"line":68,"column":null}},{"start":{},"end":{}}],"line":63},"4":{"loc":{"start":{"line":74,"column":2},"end":{"line":74,"column":null}},"type":"if","locations":[{"start":{"line":74,"column":2},"end":{"line":74,"column":null}},{"start":{},"end":{}}],"line":74},"5":{"loc":{"start":{"line":92,"column":2},"end":{"line":92,"column":null}},"type":"if","locations":[{"start":{"line":92,"column":2},"end":{"line":92,"column":null}},{"start":{},"end":{}}],"line":92},"6":{"loc":{"start":{"line":115,"column":2},"end":{"line":115,"column":null}},"type":"if","locations":[{"start":{"line":115,"column":2},"end":{"line":115,"column":null}},{"start":{},"end":{}}],"line":115},"7":{"loc":{"start":{"line":134,"column":2},"end":{"line":134,"column":null}},"type":"if","locations":[{"start":{"line":134,"column":2},"end":{"line":134,"column":null}},{"start":{},"end":{}}],"line":134},"8":{"loc":{"start":{"line":159,"column":2},"end":{"line":159,"column":null}},"type":"if","locations":[{"start":{"line":159,"column":2},"end":{"line":159,"column":null}},{"start":{},"end":{}}],"line":159},"9":{"loc":{"start":{"line":171,"column":2},"end":{"line":171,"column":null}},"type":"if","locations":[{"start":{"line":171,"column":2},"end":{"line":171,"column":null}},{"start":{},"end":{}}],"line":171},"10":{"loc":{"start":{"line":177,"column":37},"end":{"line":177,"column":59}},"type":"binary-expr","locations":[{"start":{"line":177,"column":37},"end":{"line":177,"column":55}},{"start":{"line":177,"column":55},"end":{"line":177,"column":59}}],"line":177},"11":{"loc":{"start":{"line":183,"column":2},"end":{"line":183,"column":null}},"type":"if","locations":[{"start":{"line":183,"column":2},"end":{"line":183,"column":null}},{"start":{},"end":{}}],"line":183},"12":{"loc":{"start":{"line":190,"column":37},"end":{"line":190,"column":57}},"type":"binary-expr","locations":[{"start":{"line":190,"column":37},"end":{"line":190,"column":55}},{"start":{"line":190,"column":55},"end":{"line":190,"column":57}}],"line":190},"13":{"loc":{"start":{"line":196,"column":2},"end":{"line":196,"column":null}},"type":"if","locations":[{"start":{"line":196,"column":2},"end":{"line":196,"column":null}},{"start":{},"end":{}}],"line":196}},"s":{"0":1,"1":1,"2":1,"3":15,"4":14,"5":1,"6":1,"7":1,"8":0,"9":1,"10":1,"11":1,"12":1,"13":1,"14":1,"15":1,"16":1,"17":1,"18":1,"19":1,"20":1,"21":1,"22":1,"23":0,"24":1,"25":1,"26":1,"27":1,"28":1,"29":1,"30":1,"31":1,"32":0,"33":1,"34":0,"35":1,"36":1,"37":1,"38":1,"39":1,"40":1,"41":1,"42":1,"43":1,"44":1,"45":0,"46":1,"47":0,"48":1,"49":1,"50":1,"51":1,"52":1,"53":1,"54":1,"55":1,"56":0,"57":1,"58":0,"59":1,"60":1,"61":1,"62":1,"63":1,"64":1,"65":1,"66":1,"67":1,"68":1,"69":1,"70":0,"71":5,"72":0,"73":5,"74":5,"75":5,"76":5,"77":5,"78":5,"79":5,"80":5,"81":0,"82":2,"83":0,"84":2,"85":2,"86":2,"87":2,"88":2,"89":2,"90":2,"91":2,"92":0,"93":2,"94":0,"95":2,"96":2,"97":2,"98":2,"99":2,"100":2,"101":2,"102":2,"103":2,"104":0,"105":2,"106":0,"107":2,"108":2,"109":2,"110":2,"111":2,"112":2,"113":2,"114":2,"115":0,"116":1,"117":1,"118":5,"119":1,"120":2,"121":1,"122":2,"123":1,"124":2},"f":{"0":15,"1":1,"2":0,"3":1,"4":1,"5":1,"6":1,"7":1,"8":0,"9":1,"10":1,"11":1,"12":1,"13":0,"14":1,"15":1,"16":1,"17":0,"18":1,"19":1,"20":1,"21":1,"22":0,"23":5,"24":5,"25":5,"26":0,"27":2,"28":2,"29":2,"30":0,"31":2,"32":2,"33":2,"34":0,"35":2,"36":2,"37":2,"38":0,"39":5,"40":2,"41":2,"42":2},"b":{"0":[14,1],"1":[1,0],"2":[1,0],"3":[1,0],"4":[0,1],"5":[0,1],"6":[0,1],"7":[0,1],"8":[0,5],"9":[0,2],"10":[2,1],"11":[0,2],"12":[2,0],"13":[0,2]},"meta":{"lastBranch":14,"lastFunction":43,"lastStatement":125,"seen":{"s:4:16:4:Infinity":0,"s:5:19:5:Infinity":1,"s:31:34:31:Infinity":2,"f:33:15:33:45":0,"b:34:2:34:Infinity:undefined:undefined:undefined:undefined":0,"s:34:2:34:Infinity":3,"s:34:15:34:Infinity":4,"s:36:2:70:Infinity":5,"f:36:21:36:22":1,"s:37:19:37:Infinity":6,"s:39:3:39:Infinity":7,"f:39:21:39:27":2,"s:39:27:39:Infinity":8,"s:40:3:43:Infinity":9,"f:40:23:40:29":3,"s:41:4:41:Infinity":10,"s:42:4:42:Infinity":11,"s:45:3:69:Infinity":12,"f:45:29:45:30":4,"s:46:16:46:Infinity":13,"b:49:4:51:Infinity:undefined:undefined:undefined:undefined":1,"s:49:4:51:Infinity":14,"s:50:5:50:Infinity":15,"b:54:4:60:Infinity:undefined:undefined:undefined:undefined":2,"s:54:4:60:Infinity":16,"s:55:26:58:Infinity":17,"s:59:5:59:Infinity":18,"b:63:4:68:Infinity:undefined:undefined:undefined:undefined":3,"s:63:4:68:Infinity":19,"s:64:22:66:Infinity":20,"s:67:5:67:Infinity":21,"f:73:7:73:16":5,"b:74:2:74:Infinity:undefined:undefined:undefined:undefined":4,"s:74:2:74:Infinity":22,"s:74:16:74:Infinity":23,"s:75:13:75:Infinity":24,"s:76:2:88:Infinity":25,"f:76:27:76:28":6,"s:77:23:77:Infinity":26,"s:78:17:78:Infinity":27,"s:79:19:84:Infinity":28,"s:86:3:86:Infinity":29,"f:86:23:86:29":7,"s:86:29:86:Infinity":30,"s:87:3:87:Infinity":31,"f:87:21:87:27":8,"s:87:27:87:Infinity":32,"f:91:7:91:38":9,"b:92:2:92:Infinity:undefined:undefined:undefined:undefined":5,"s:92:2:92:Infinity":33,"s:92:16:92:Infinity":34,"s:93:13:93:Infinity":35,"s:94:2:111:Infinity":36,"f:94:21:94:22":10,"s:95:23:95:Infinity":37,"s:96:17:96:Infinity":38,"s:97:19:97:Infinity":39,"s:99:3:109:Infinity":40,"f:99:23:99:29":11,"s:100:20:100:Infinity":41,"s:101:4:108:Infinity":42,"f:102:17:102:18":12,"s:102:25:107:7":43,"s:110:3:110:Infinity":44,"f:110:21:110:27":13,"s:110:27:110:Infinity":45,"f:114:7:114:19":14,"b:115:2:115:Infinity:undefined:undefined:undefined:undefined":6,"s:115:2:115:Infinity":46,"s:115:16:115:Infinity":47,"s:116:13:116:Infinity":48,"s:117:2:130:Infinity":49,"f:117:27:117:28":15,"s:118:23:118:Infinity":50,"s:119:17:119:Infinity":51,"s:120:19:126:Infinity":52,"s:128:3:128:Infinity":53,"f:128:23:128:29":16,"s:128:29:128:Infinity":54,"s:129:3:129:Infinity":55,"f:129:21:129:27":17,"s:129:27:129:Infinity":56,"f:133:7:133:19":18,"b:134:2:134:Infinity:undefined:undefined:undefined:undefined":7,"s:134:2:134:Infinity":57,"s:134:16:134:Infinity":58,"s:135:13:135:Infinity":59,"s:136:2:155:Infinity":60,"f:136:21:136:22":19,"s:137:23:137:Infinity":61,"s:138:17:138:Infinity":62,"s:139:17:139:Infinity":63,"s:140:19:140:Infinity":64,"s:142:3:153:Infinity":65,"f:142:23:142:29":20,"s:143:23:143:Infinity":66,"s:144:4:152:Infinity":67,"f:145:20:145:21":21,"s:145:28:151:7":68,"s:154:3:154:Infinity":69,"f:154:21:154:27":22,"s:154:27:154:Infinity":70,"f:158:7:158:15":23,"b:159:2:159:Infinity:undefined:undefined:undefined:undefined":8,"s:159:2:159:Infinity":71,"s:159:16:159:Infinity":72,"s:160:13:160:Infinity":73,"s:161:2:167:Infinity":74,"f:161:27:161:28":24,"s:162:23:162:Infinity":75,"s:163:17:163:Infinity":76,"s:164:19:164:Infinity":77,"s:165:3:165:Infinity":78,"f:165:23:165:29":25,"s:165:29:165:Infinity":79,"s:166:3:166:Infinity":80,"f:166:21:166:27":26,"s:166:27:166:Infinity":81,"f:170:7:170:14":27,"b:171:2:171:Infinity:undefined:undefined:undefined:undefined":9,"s:171:2:171:Infinity":82,"s:171:16:171:Infinity":83,"s:172:13:172:Infinity":84,"s:173:2:179:Infinity":85,"f:173:21:173:22":28,"s:174:23:174:Infinity":86,"s:175:17:175:Infinity":87,"s:176:19:176:Infinity":88,"s:177:3:177:Infinity":89,"f:177:23:177:29":29,"s:177:29:177:Infinity":90,"b:177:37:177:55:177:55:177:59":10,"s:178:3:178:Infinity":91,"f:178:21:178:27":30,"s:178:27:178:Infinity":92,"f:182:7:182:25":31,"b:183:2:183:Infinity:undefined:undefined:undefined:undefined":11,"s:183:2:183:Infinity":93,"s:183:16:183:Infinity":94,"s:184:13:184:Infinity":95,"s:185:2:192:Infinity":96,"f:185:21:185:22":32,"s:186:23:186:Infinity":97,"s:187:17:187:Infinity":98,"s:188:17:188:Infinity":99,"s:189:19:189:Infinity":100,"s:190:3:190:Infinity":101,"f:190:23:190:29":33,"s:190:29:190:Infinity":102,"b:190:37:190:55:190:55:190:57":12,"s:191:3:191:Infinity":103,"f:191:21:191:27":34,"s:191:27:191:Infinity":104,"f:195:7:195:38":35,"b:196:2:196:Infinity:undefined:undefined:undefined:undefined":13,"s:196:2:196:Infinity":105,"s:196:16:196:Infinity":106,"s:197:13:197:Infinity":107,"s:198:2:204:Infinity":108,"f:198:21:198:22":36,"s:199:23:199:Infinity":109,"s:200:17:200:Infinity":110,"s:201:19:201:Infinity":111,"s:202:3:202:Infinity":112,"f:202:23:202:29":37,"s:202:29:202:Infinity":113,"s:203:3:203:Infinity":114,"f:203:21:203:27":38,"s:203:27:203:Infinity":115,"s:208:18:208:Infinity":116,"s:211:23:211:Infinity":117,"f:211:23:211:24":39,"s:211:39:211:Infinity":118,"s:212:22:212:Infinity":119,"f:212:22:212:23":40,"s:212:54:212:Infinity":120,"s:213:33:213:Infinity":121,"f:213:33:213:34":41,"s:213:51:213:Infinity":122,"s:214:26:214:Infinity":123,"f:214:26:214:32":42,"s:214:32:214:Infinity":124}}}
,"/mnt/projects/quad4-reticulum-go-wasm/frontend/src/lib/docs-service.ts": {"path":"/mnt/projects/quad4-reticulum-go-wasm/frontend/src/lib/docs-service.ts","statementMap":{"0":{"start":{"line":5,"column":31},"end":{"line":5,"column":null}},"1":{"start":{"line":5,"column":85},"end":{"line":5,"column":null}},"2":{"start":{"line":5,"column":96},"end":{"line":5,"column":null}},"3":{"start":{"line":8,"column":1},"end":{"line":8,"column":null}},"4":{"start":{"line":8,"column":15},"end":{"line":8,"column":null}},"5":{"start":{"line":10,"column":14},"end":{"line":10,"column":null}},"6":{"start":{"line":11,"column":16},"end":{"line":11,"column":null}},"7":{"start":{"line":13,"column":1},"end":{"line":26,"column":null}},"8":{"start":{"line":14,"column":2},"end":{"line":25,"column":null}},"9":{"start":{"line":15,"column":20},"end":{"line":15,"column":null}},"10":{"start":{"line":16,"column":3},"end":{"line":21,"column":null}},"11":{"start":{"line":22,"column":3},"end":{"line":22,"column":null}},"12":{"start":{"line":24,"column":3},"end":{"line":24,"column":null}},"13":{"start":{"line":27,"column":1},"end":{"line":27,"column":null}},"14":{"start":{"line":31,"column":1},"end":{"line":31,"column":null}},"15":{"start":{"line":31,"column":15},"end":{"line":31,"column":null}},"16":{"start":{"line":33,"column":16},"end":{"line":33,"column":null}},"17":{"start":{"line":34,"column":1},"end":{"line":39,"column":null}},"18":{"start":{"line":35,"column":2},"end":{"line":37,"column":null}},"19":{"start":{"line":36,"column":3},"end":{"line":36,"column":null}},"20":{"start":{"line":38,"column":2},"end":{"line":38,"column":null}},"21":{"start":{"line":41,"column":1},"end":{"line":41,"column":null}},"22":{"start":{"line":45,"column":1},"end":{"line":45,"column":null}},"23":{"start":{"line":45,"column":15},"end":{"line":45,"column":null}},"24":{"start":{"line":47,"column":15},"end":{"line":47,"column":null}},"25":{"start":{"line":48,"column":16},"end":{"line":48,"column":null}},"26":{"start":{"line":50,"column":1},"end":{"line":66,"column":null}},"27":{"start":{"line":51,"column":2},"end":{"line":51,"column":null}},"28":{"start":{"line":51,"column":32},"end":{"line":51,"column":null}},"29":{"start":{"line":53,"column":13},"end":{"line":53,"column":null}},"30":{"start":{"line":54,"column":2},"end":{"line":55,"column":null}},"31":{"start":{"line":54,"column":29},"end":{"line":54,"column":null}},"32":{"start":{"line":54,"column":52},"end":{"line":55,"column":null}},"33":{"start":{"line":55,"column":33},"end":{"line":55,"column":null}},"34":{"start":{"line":57,"column":23},"end":{"line":57,"column":null}},"35":{"start":{"line":58,"column":2},"end":{"line":63,"column":null}},"36":{"start":{"line":59,"column":18},"end":{"line":59,"column":null}},"37":{"start":{"line":60,"column":3},"end":{"line":62,"column":null}},"38":{"start":{"line":61,"column":4},"end":{"line":61,"column":null}},"39":{"start":{"line":65,"column":2},"end":{"line":65,"column":null}},"40":{"start":{"line":68,"column":1},"end":{"line":68,"column":null}},"41":{"start":{"line":68,"column":51},"end":{"line":68,"column":70}},"42":{"start":{"line":72,"column":1},"end":{"line":72,"column":null}},"43":{"start":{"line":72,"column":15},"end":{"line":72,"column":null}},"44":{"start":{"line":74,"column":24},"end":{"line":74,"column":null}},"45":{"start":{"line":75,"column":1},"end":{"line":75,"column":null}},"46":{"start":{"line":75,"column":21},"end":{"line":75,"column":null}},"47":{"start":{"line":77,"column":41},"end":{"line":77,"column":null}},"48":{"start":{"line":79,"column":1},"end":{"line":99,"column":null}},"49":{"start":{"line":80,"column":17},"end":{"line":80,"column":null}},"50":{"start":{"line":81,"column":2},"end":{"line":81,"column":null}},"51":{"start":{"line":81,"column":32},"end":{"line":81,"column":null}},"52":{"start":{"line":83,"column":13},"end":{"line":83,"column":null}},"53":{"start":{"line":84,"column":13},"end":{"line":84,"column":null}},"54":{"start":{"line":86,"column":2},"end":{"line":87,"column":null}},"55":{"start":{"line":86,"column":29},"end":{"line":86,"column":null}},"56":{"start":{"line":86,"column":52},"end":{"line":87,"column":null}},"57":{"start":{"line":87,"column":33},"end":{"line":87,"column":null}},"58":{"start":{"line":89,"column":23},"end":{"line":89,"column":null}},"59":{"start":{"line":90,"column":2},"end":{"line":96,"column":null}},"60":{"start":{"line":91,"column":18},"end":{"line":91,"column":null}},"61":{"start":{"line":92,"column":3},"end":{"line":95,"column":null}},"62":{"start":{"line":93,"column":4},"end":{"line":93,"column":null}},"63":{"start":{"line":94,"column":4},"end":{"line":94,"column":null}},"64":{"start":{"line":98,"column":2},"end":{"line":98,"column":null}},"65":{"start":{"line":101,"column":1},"end":{"line":101,"column":null}},"66":{"start":{"line":105,"column":17},"end":{"line":105,"column":null}},"67":{"start":{"line":106,"column":1},"end":{"line":106,"column":null}},"68":{"start":{"line":106,"column":15},"end":{"line":106,"column":null}},"69":{"start":{"line":108,"column":14},"end":{"line":108,"column":null}},"70":{"start":{"line":109,"column":13},"end":{"line":109,"column":null}},"71":{"start":{"line":110,"column":11},"end":{"line":110,"column":null}},"72":{"start":{"line":111,"column":1},"end":{"line":111,"column":null}},"73":{"start":{"line":112,"column":1},"end":{"line":112,"column":null}},"74":{"start":{"line":113,"column":1},"end":{"line":113,"column":null}},"75":{"start":{"line":114,"column":1},"end":{"line":114,"column":null}},"76":{"start":{"line":115,"column":1},"end":{"line":115,"column":null}},"77":{"start":{"line":116,"column":1},"end":{"line":116,"column":null}},"78":{"start":{"line":120,"column":14},"end":{"line":120,"column":null}},"79":{"start":{"line":121,"column":1},"end":{"line":123,"column":null}},"80":{"start":{"line":122,"column":2},"end":{"line":122,"column":null}},"81":{"start":{"line":125,"column":17},"end":{"line":125,"column":null}},"82":{"start":{"line":126,"column":1},"end":{"line":126,"column":null}},"83":{"start":{"line":126,"column":27},"end":{"line":126,"column":null}},"84":{"start":{"line":128,"column":13},"end":{"line":128,"column":null}},"85":{"start":{"line":129,"column":1},"end":{"line":131,"column":null}},"86":{"start":{"line":130,"column":2},"end":{"line":130,"column":null}},"87":{"start":{"line":133,"column":17},"end":{"line":133,"column":null}},"88":{"start":{"line":134,"column":13},"end":{"line":134,"column":null}},"89":{"start":{"line":135,"column":11},"end":{"line":135,"column":null}},"90":{"start":{"line":136,"column":1},"end":{"line":136,"column":null}},"91":{"start":{"line":137,"column":1},"end":{"line":137,"column":null}},"92":{"start":{"line":138,"column":1},"end":{"line":138,"column":null}},"93":{"start":{"line":139,"column":1},"end":{"line":139,"column":null}},"94":{"start":{"line":140,"column":1},"end":{"line":140,"column":null}},"95":{"start":{"line":141,"column":1},"end":{"line":141,"column":null}}},"fnMap":{"0":{"name":"(anonymous_0)","decl":{"start":{"line":5,"column":77},"end":{"line":5,"column":85}},"loc":{"start":{"line":5,"column":85},"end":{"line":5,"column":null}},"line":5},"1":{"name":"(anonymous_1)","decl":{"start":{"line":5,"column":96},"end":{"line":5,"column":null}},"loc":{"start":{"line":5,"column":96},"end":{"line":5,"column":null}},"line":5},"2":{"name":"syncDoc","decl":{"start":{"line":7,"column":22},"end":{"line":7,"column":30}},"loc":{"start":{"line":7,"column":82},"end":{"line":28,"column":null}},"line":7},"3":{"name":"getDocContent","decl":{"start":{"line":30,"column":22},"end":{"line":30,"column":36}},"loc":{"start":{"line":30,"column":88},"end":{"line":42,"column":null}},"line":30},"4":{"name":"syncAllDocs","decl":{"start":{"line":44,"column":22},"end":{"line":44,"column":34}},"loc":{"start":{"line":44,"column":63},"end":{"line":69,"column":null}},"line":44},"5":{"name":"(anonymous_5)","decl":{"start":{"line":68,"column":41},"end":{"line":68,"column":42}},"loc":{"start":{"line":68,"column":51},"end":{"line":68,"column":70}},"line":68},"6":{"name":"syncEverything","decl":{"start":{"line":71,"column":22},"end":{"line":71,"column":54}},"loc":{"start":{"line":71,"column":54},"end":{"line":102,"column":null}},"line":71},"7":{"name":"exportDoc","decl":{"start":{"line":104,"column":22},"end":{"line":104,"column":32}},"loc":{"start":{"line":104,"column":97},"end":{"line":117,"column":null}},"line":104},"8":{"name":"downloadAllDocs","decl":{"start":{"line":119,"column":22},"end":{"line":119,"column":38}},"loc":{"start":{"line":119,"column":67},"end":{"line":142,"column":null}},"line":119}},"branchMap":{"0":{"loc":{"start":{"line":8,"column":1},"end":{"line":8,"column":null}},"type":"if","locations":[{"start":{"line":8,"column":1},"end":{"line":8,"column":null}},{"start":{},"end":{}}],"line":8},"1":{"loc":{"start":{"line":10,"column":31},"end":{"line":10,"column":62}},"type":"cond-expr","locations":[{"start":{"line":10,"column":47},"end":{"line":10,"column":52}},{"start":{"line":10,"column":52},"end":{"line":10,"column":62}}],"line":10},"2":{"loc":{"start":{"line":11,"column":16},"end":{"line":11,"column":null}},"type":"binary-expr","locations":[{"start":{"line":11,"column":16},"end":{"line":11,"column":36}},{"start":{"line":11,"column":36},"end":{"line":11,"column":null}}],"line":11},"3":{"loc":{"start":{"line":13,"column":1},"end":{"line":26,"column":null}},"type":"if","locations":[{"start":{"line":13,"column":1},"end":{"line":26,"column":null}},{"start":{},"end":{}}],"line":13},"4":{"loc":{"start":{"line":31,"column":1},"end":{"line":31,"column":null}},"type":"if","locations":[{"start":{"line":31,"column":1},"end":{"line":31,"column":null}},{"start":{},"end":{}}],"line":31},"5":{"loc":{"start":{"line":34,"column":1},"end":{"line":39,"column":null}},"type":"if","locations":[{"start":{"line":34,"column":1},"end":{"line":39,"column":null}},{"start":{},"end":{}}],"line":34},"6":{"loc":{"start":{"line":35,"column":2},"end":{"line":37,"column":null}},"type":"if","locations":[{"start":{"line":35,"column":2},"end":{"line":37,"column":null}},{"start":{},"end":{}}],"line":35},"7":{"loc":{"start":{"line":45,"column":1},"end":{"line":45,"column":null}},"type":"if","locations":[{"start":{"line":45,"column":1},"end":{"line":45,"column":null}},{"start":{},"end":{}}],"line":45},"8":{"loc":{"start":{"line":51,"column":2},"end":{"line":51,"column":null}},"type":"if","locations":[{"start":{"line":51,"column":2},"end":{"line":51,"column":null}},{"start":{},"end":{}}],"line":51},"9":{"loc":{"start":{"line":54,"column":2},"end":{"line":55,"column":null}},"type":"if","locations":[{"start":{"line":54,"column":2},"end":{"line":55,"column":null}},{"start":{"line":54,"column":52},"end":{"line":55,"column":null}}],"line":54},"10":{"loc":{"start":{"line":54,"column":52},"end":{"line":55,"column":null}},"type":"if","locations":[{"start":{"line":54,"column":52},"end":{"line":55,"column":null}},{"start":{},"end":{}}],"line":54},"11":{"loc":{"start":{"line":58,"column":2},"end":{"line":63,"column":null}},"type":"if","locations":[{"start":{"line":58,"column":2},"end":{"line":63,"column":null}},{"start":{},"end":{}}],"line":58},"12":{"loc":{"start":{"line":60,"column":3},"end":{"line":62,"column":null}},"type":"if","locations":[{"start":{"line":60,"column":3},"end":{"line":62,"column":null}},{"start":{},"end":{}}],"line":60},"13":{"loc":{"start":{"line":60,"column":7},"end":{"line":60,"column":55}},"type":"binary-expr","locations":[{"start":{"line":60,"column":7},"end":{"line":60,"column":30}},{"start":{"line":60,"column":30},"end":{"line":60,"column":55}}],"line":60},"14":{"loc":{"start":{"line":72,"column":1},"end":{"line":72,"column":null}},"type":"if","locations":[{"start":{"line":72,"column":1},"end":{"line":72,"column":null}},{"start":{},"end":{}}],"line":72},"15":{"loc":{"start":{"line":75,"column":1},"end":{"line":75,"column":null}},"type":"if","locations":[{"start":{"line":75,"column":1},"end":{"line":75,"column":null}},{"start":{},"end":{}}],"line":75},"16":{"loc":{"start":{"line":81,"column":2},"end":{"line":81,"column":null}},"type":"if","locations":[{"start":{"line":81,"column":2},"end":{"line":81,"column":null}},{"start":{},"end":{}}],"line":81},"17":{"loc":{"start":{"line":86,"column":2},"end":{"line":87,"column":null}},"type":"if","locations":[{"start":{"line":86,"column":2},"end":{"line":87,"column":null}},{"start":{"line":86,"column":52},"end":{"line":87,"column":null}}],"line":86},"18":{"loc":{"start":{"line":86,"column":52},"end":{"line":87,"column":null}},"type":"if","locations":[{"start":{"line":86,"column":52},"end":{"line":87,"column":null}},{"start":{},"end":{}}],"line":86},"19":{"loc":{"start":{"line":90,"column":2},"end":{"line":96,"column":null}},"type":"if","locations":[{"start":{"line":90,"column":2},"end":{"line":96,"column":null}},{"start":{},"end":{}}],"line":90},"20":{"loc":{"start":{"line":92,"column":3},"end":{"line":95,"column":null}},"type":"if","locations":[{"start":{"line":92,"column":3},"end":{"line":95,"column":null}},{"start":{},"end":{}}],"line":92},"21":{"loc":{"start":{"line":92,"column":7},"end":{"line":92,"column":55}},"type":"binary-expr","locations":[{"start":{"line":92,"column":7},"end":{"line":92,"column":30}},{"start":{"line":92,"column":30},"end":{"line":92,"column":55}}],"line":92},"22":{"loc":{"start":{"line":106,"column":1},"end":{"line":106,"column":null}},"type":"if","locations":[{"start":{"line":106,"column":1},"end":{"line":106,"column":null}},{"start":{},"end":{}}],"line":106},"23":{"loc":{"start":{"line":108,"column":42},"end":{"line":108,"column":91}},"type":"cond-expr","locations":[{"start":{"line":108,"column":60},"end":{"line":108,"column":78}},{"start":{"line":108,"column":78},"end":{"line":108,"column":91}}],"line":108},"24":{"loc":{"start":{"line":121,"column":1},"end":{"line":123,"column":null}},"type":"if","locations":[{"start":{"line":121,"column":1},"end":{"line":123,"column":null}},{"start":{},"end":{}}],"line":121},"25":{"loc":{"start":{"line":126,"column":1},"end":{"line":126,"column":null}},"type":"if","locations":[{"start":{"line":126,"column":1},"end":{"line":126,"column":null}},{"start":{},"end":{}}],"line":126}},"s":{"0":1,"1":0,"2":0,"3":4,"4":0,"5":4,"6":4,"7":4,"8":2,"9":2,"10":2,"11":2,"12":0,"13":2,"14":2,"15":0,"16":2,"17":2,"18":1,"19":1,"20":1,"21":1,"22":1,"23":0,"24":1,"25":1,"26":1,"27":8,"28":0,"29":8,"30":8,"31":0,"32":8,"33":8,"34":8,"35":8,"36":6,"37":6,"38":6,"39":8,"40":1,"41":2,"42":0,"43":0,"44":0,"45":0,"46":0,"47":0,"48":0,"49":0,"50":0,"51":0,"52":0,"53":0,"54":0,"55":0,"56":0,"57":0,"58":0,"59":0,"60":0,"61":0,"62":0,"63":0,"64":0,"65":0,"66":0,"67":0,"68":0,"69":0,"70":0,"71":0,"72":0,"73":0,"74":0,"75":0,"76":0,"77":0,"78":2,"79":2,"80":1,"81":2,"82":2,"83":1,"84":1,"85":1,"86":2,"87":1,"88":1,"89":1,"90":1,"91":1,"92":1,"93":1,"94":1,"95":1},"f":{"0":0,"1":4,"2":4,"3":2,"4":1,"5":2,"6":0,"7":0,"8":2},"b":{"0":[0,4],"1":[4,0],"2":[4,2],"3":[2,2],"4":[0,2],"5":[1,1],"6":[1,0],"7":[0,1],"8":[0,8],"9":[0,8],"10":[8,0],"11":[6,2],"12":[6,0],"13":[6,6],"14":[0,0],"15":[0,0],"16":[0,0],"17":[0,0],"18":[0,0],"19":[0,0],"20":[0,0],"21":[0,0],"22":[0,0],"23":[0,0],"24":[1,1],"25":[1,1]},"meta":{"lastBranch":26,"lastFunction":9,"lastStatement":96,"seen":{"s:5:31:5:Infinity":0,"f:5:77:5:85":0,"s:5:85:5:Infinity":1,"f:5:96:5:Infinity":1,"s:5:96:5:Infinity":2,"f:7:22:7:30":2,"b:8:1:8:Infinity:undefined:undefined:undefined:undefined":0,"s:8:1:8:Infinity":3,"s:8:15:8:Infinity":4,"s:10:14:10:Infinity":5,"b:10:47:10:52:10:52:10:62":1,"s:11:16:11:Infinity":6,"b:11:16:11:36:11:36:11:Infinity":2,"b:13:1:26:Infinity:undefined:undefined:undefined:undefined":3,"s:13:1:26:Infinity":7,"s:14:2:25:Infinity":8,"s:15:20:15:Infinity":9,"s:16:3:21:Infinity":10,"s:22:3:22:Infinity":11,"s:24:3:24:Infinity":12,"s:27:1:27:Infinity":13,"f:30:22:30:36":3,"b:31:1:31:Infinity:undefined:undefined:undefined:undefined":4,"s:31:1:31:Infinity":14,"s:31:15:31:Infinity":15,"s:33:16:33:Infinity":16,"b:34:1:39:Infinity:undefined:undefined:undefined:undefined":5,"s:34:1:39:Infinity":17,"b:35:2:37:Infinity:undefined:undefined:undefined:undefined":6,"s:35:2:37:Infinity":18,"s:36:3:36:Infinity":19,"s:38:2:38:Infinity":20,"s:41:1:41:Infinity":21,"f:44:22:44:34":4,"b:45:1:45:Infinity:undefined:undefined:undefined:undefined":7,"s:45:1:45:Infinity":22,"s:45:15:45:Infinity":23,"s:47:15:47:Infinity":24,"s:48:16:48:Infinity":25,"s:50:1:66:Infinity":26,"b:51:2:51:Infinity:undefined:undefined:undefined:undefined":8,"s:51:2:51:Infinity":27,"s:51:32:51:Infinity":28,"s:53:13:53:Infinity":29,"b:54:2:55:Infinity:54:52:55:Infinity":9,"s:54:2:55:Infinity":30,"s:54:29:54:Infinity":31,"b:54:52:55:Infinity:undefined:undefined:undefined:undefined":10,"s:54:52:55:Infinity":32,"s:55:33:55:Infinity":33,"s:57:23:57:Infinity":34,"b:58:2:63:Infinity:undefined:undefined:undefined:undefined":11,"s:58:2:63:Infinity":35,"s:59:18:59:Infinity":36,"b:60:3:62:Infinity:undefined:undefined:undefined:undefined":12,"s:60:3:62:Infinity":37,"b:60:7:60:30:60:30:60:55":13,"s:61:4:61:Infinity":38,"s:65:2:65:Infinity":39,"s:68:1:68:Infinity":40,"f:68:41:68:42":5,"s:68:51:68:70":41,"f:71:22:71:54":6,"b:72:1:72:Infinity:undefined:undefined:undefined:undefined":14,"s:72:1:72:Infinity":42,"s:72:15:72:Infinity":43,"s:74:24:74:Infinity":44,"b:75:1:75:Infinity:undefined:undefined:undefined:undefined":15,"s:75:1:75:Infinity":45,"s:75:21:75:Infinity":46,"s:77:41:77:Infinity":47,"s:79:1:99:Infinity":48,"s:80:17:80:Infinity":49,"b:81:2:81:Infinity:undefined:undefined:undefined:undefined":16,"s:81:2:81:Infinity":50,"s:81:32:81:Infinity":51,"s:83:13:83:Infinity":52,"s:84:13:84:Infinity":53,"b:86:2:87:Infinity:86:52:87:Infinity":17,"s:86:2:87:Infinity":54,"s:86:29:86:Infinity":55,"b:86:52:87:Infinity:undefined:undefined:undefined:undefined":18,"s:86:52:87:Infinity":56,"s:87:33:87:Infinity":57,"s:89:23:89:Infinity":58,"b:90:2:96:Infinity:undefined:undefined:undefined:undefined":19,"s:90:2:96:Infinity":59,"s:91:18:91:Infinity":60,"b:92:3:95:Infinity:undefined:undefined:undefined:undefined":20,"s:92:3:95:Infinity":61,"b:92:7:92:30:92:30:92:55":21,"s:93:4:93:Infinity":62,"s:94:4:94:Infinity":63,"s:98:2:98:Infinity":64,"s:101:1:101:Infinity":65,"f:104:22:104:32":7,"s:105:17:105:Infinity":66,"b:106:1:106:Infinity:undefined:undefined:undefined:undefined":22,"s:106:1:106:Infinity":67,"s:106:15:106:Infinity":68,"s:108:14:108:Infinity":69,"b:108:60:108:78:108:78:108:91":23,"s:109:13:109:Infinity":70,"s:110:11:110:Infinity":71,"s:111:1:111:Infinity":72,"s:112:1:112:Infinity":73,"s:113:1:113:Infinity":74,"s:114:1:114:Infinity":75,"s:115:1:115:Infinity":76,"s:116:1:116:Infinity":77,"f:119:22:119:38":8,"s:120:14:120:Infinity":78,"b:121:1:123:Infinity:undefined:undefined:undefined:undefined":24,"s:121:1:123:Infinity":79,"s:122:2:122:Infinity":80,"s:125:17:125:Infinity":81,"b:126:1:126:Infinity:undefined:undefined:undefined:undefined":25,"s:126:1:126:Infinity":82,"s:126:27:126:Infinity":83,"s:128:13:128:Infinity":84,"s:129:1:131:Infinity":85,"s:130:2:130:Infinity":86,"s:133:17:133:Infinity":87,"s:134:13:134:Infinity":88,"s:135:11:135:Infinity":89,"s:136:1:136:Infinity":90,"s:137:1:137:Infinity":91,"s:138:1:138:Infinity":92,"s:139:1:139:Infinity":93,"s:140:1:140:Infinity":94,"s:141:1:141:Infinity":95}}}
,"/mnt/projects/quad4-reticulum-go-wasm/frontend/src/lib/identity.ts": {"path":"/mnt/projects/quad4-reticulum-go-wasm/frontend/src/lib/identity.ts","statementMap":{"0":{"start":{"line":1,"column":16},"end":{"line":1,"column":null}},"1":{"start":{"line":2,"column":19},"end":{"line":2,"column":null}},"2":{"start":{"line":3,"column":23},"end":{"line":3,"column":null}},"3":{"start":{"line":4,"column":21},"end":{"line":4,"column":null}},"4":{"start":{"line":5,"column":26},"end":{"line":5,"column":null}},"5":{"start":{"line":15,"column":1},"end":{"line":35,"column":null}},"6":{"start":{"line":16,"column":18},"end":{"line":16,"column":null}},"7":{"start":{"line":18,"column":2},"end":{"line":26,"column":null}},"8":{"start":{"line":19,"column":15},"end":{"line":19,"column":null}},"9":{"start":{"line":20,"column":3},"end":{"line":22,"column":null}},"10":{"start":{"line":21,"column":4},"end":{"line":21,"column":null}},"11":{"start":{"line":23,"column":3},"end":{"line":25,"column":null}},"12":{"start":{"line":24,"column":4},"end":{"line":24,"column":null}},"13":{"start":{"line":28,"column":2},"end":{"line":30,"column":null}},"14":{"start":{"line":29,"column":3},"end":{"line":29,"column":null}},"15":{"start":{"line":32,"column":2},"end":{"line":34,"column":null}},"16":{"start":{"line":33,"column":3},"end":{"line":33,"column":null}},"17":{"start":{"line":39,"column":12},"end":{"line":39,"column":null}},"18":{"start":{"line":40,"column":1},"end":{"line":47,"column":null}},"19":{"start":{"line":41,"column":22},"end":{"line":41,"column":null}},"20":{"start":{"line":42,"column":16},"end":{"line":42,"column":null}},"21":{"start":{"line":43,"column":18},"end":{"line":43,"column":null}},"22":{"start":{"line":45,"column":2},"end":{"line":45,"column":null}},"23":{"start":{"line":45,"column":28},"end":{"line":45,"column":null}},"24":{"start":{"line":46,"column":2},"end":{"line":46,"column":null}},"25":{"start":{"line":46,"column":26},"end":{"line":46,"column":null}},"26":{"start":{"line":51,"column":12},"end":{"line":51,"column":null}},"27":{"start":{"line":52,"column":1},"end":{"line":59,"column":null}},"28":{"start":{"line":53,"column":22},"end":{"line":53,"column":null}},"29":{"start":{"line":54,"column":16},"end":{"line":54,"column":null}},"30":{"start":{"line":55,"column":18},"end":{"line":55,"column":null}},"31":{"start":{"line":57,"column":2},"end":{"line":57,"column":null}},"32":{"start":{"line":57,"column":28},"end":{"line":57,"column":null}},"33":{"start":{"line":58,"column":2},"end":{"line":58,"column":null}},"34":{"start":{"line":58,"column":26},"end":{"line":58,"column":null}},"35":{"start":{"line":63,"column":12},"end":{"line":63,"column":null}},"36":{"start":{"line":64,"column":1},"end":{"line":71,"column":null}},"37":{"start":{"line":65,"column":22},"end":{"line":65,"column":null}},"38":{"start":{"line":66,"column":16},"end":{"line":66,"column":null}},"39":{"start":{"line":67,"column":18},"end":{"line":67,"column":null}},"40":{"start":{"line":69,"column":2},"end":{"line":69,"column":null}},"41":{"start":{"line":69,"column":28},"end":{"line":69,"column":null}},"42":{"start":{"line":70,"column":2},"end":{"line":70,"column":null}},"43":{"start":{"line":70,"column":26},"end":{"line":70,"column":null}},"44":{"start":{"line":75,"column":12},"end":{"line":75,"column":null}},"45":{"start":{"line":76,"column":1},"end":{"line":83,"column":null}},"46":{"start":{"line":77,"column":22},"end":{"line":77,"column":null}},"47":{"start":{"line":78,"column":16},"end":{"line":78,"column":null}},"48":{"start":{"line":79,"column":18},"end":{"line":79,"column":null}},"49":{"start":{"line":81,"column":2},"end":{"line":81,"column":null}},"50":{"start":{"line":81,"column":28},"end":{"line":81,"column":null}},"51":{"start":{"line":82,"column":2},"end":{"line":82,"column":null}},"52":{"start":{"line":82,"column":26},"end":{"line":82,"column":null}},"53":{"start":{"line":87,"column":12},"end":{"line":87,"column":null}},"54":{"start":{"line":88,"column":1},"end":{"line":95,"column":null}},"55":{"start":{"line":89,"column":22},"end":{"line":89,"column":null}},"56":{"start":{"line":90,"column":16},"end":{"line":90,"column":null}},"57":{"start":{"line":91,"column":18},"end":{"line":91,"column":null}},"58":{"start":{"line":93,"column":2},"end":{"line":93,"column":null}},"59":{"start":{"line":93,"column":28},"end":{"line":93,"column":null}},"60":{"start":{"line":94,"column":2},"end":{"line":94,"column":null}},"61":{"start":{"line":94,"column":26},"end":{"line":94,"column":null}}},"fnMap":{"0":{"name":"openDB","decl":{"start":{"line":14,"column":9},"end":{"line":14,"column":40}},"loc":{"start":{"line":14,"column":40},"end":{"line":36,"column":null}},"line":14},"1":{"name":"(anonymous_1)","decl":{"start":{"line":15,"column":20},"end":{"line":15,"column":21}},"loc":{"start":{"line":15,"column":41},"end":{"line":35,"column":2}},"line":15},"2":{"name":"(anonymous_2)","decl":{"start":{"line":18,"column":28},"end":{"line":18,"column":29}},"loc":{"start":{"line":18,"column":39},"end":{"line":26,"column":null}},"line":18},"3":{"name":"(anonymous_3)","decl":{"start":{"line":28,"column":22},"end":{"line":28,"column":23}},"loc":{"start":{"line":28,"column":33},"end":{"line":30,"column":null}},"line":28},"4":{"name":"(anonymous_4)","decl":{"start":{"line":32,"column":20},"end":{"line":32,"column":21}},"loc":{"start":{"line":32,"column":31},"end":{"line":34,"column":null}},"line":32},"5":{"name":"saveIdentity","decl":{"start":{"line":38,"column":22},"end":{"line":38,"column":35}},"loc":{"start":{"line":38,"column":70},"end":{"line":48,"column":null}},"line":38},"6":{"name":"(anonymous_6)","decl":{"start":{"line":40,"column":20},"end":{"line":40,"column":21}},"loc":{"start":{"line":40,"column":41},"end":{"line":47,"column":2}},"line":40},"7":{"name":"(anonymous_7)","decl":{"start":{"line":45,"column":22},"end":{"line":45,"column":28}},"loc":{"start":{"line":45,"column":28},"end":{"line":45,"column":null}},"line":45},"8":{"name":"(anonymous_8)","decl":{"start":{"line":46,"column":20},"end":{"line":46,"column":26}},"loc":{"start":{"line":46,"column":26},"end":{"line":46,"column":null}},"line":46},"9":{"name":"loadIdentity","decl":{"start":{"line":50,"column":22},"end":{"line":50,"column":63}},"loc":{"start":{"line":50,"column":63},"end":{"line":60,"column":null}},"line":50},"10":{"name":"(anonymous_10)","decl":{"start":{"line":52,"column":20},"end":{"line":52,"column":21}},"loc":{"start":{"line":52,"column":41},"end":{"line":59,"column":2}},"line":52},"11":{"name":"(anonymous_11)","decl":{"start":{"line":57,"column":22},"end":{"line":57,"column":28}},"loc":{"start":{"line":57,"column":28},"end":{"line":57,"column":null}},"line":57},"12":{"name":"(anonymous_12)","decl":{"start":{"line":58,"column":20},"end":{"line":58,"column":26}},"loc":{"start":{"line":58,"column":26},"end":{"line":58,"column":null}},"line":58},"13":{"name":"clearIdentity","decl":{"start":{"line":62,"column":22},"end":{"line":62,"column":53}},"loc":{"start":{"line":62,"column":53},"end":{"line":72,"column":null}},"line":62},"14":{"name":"(anonymous_14)","decl":{"start":{"line":64,"column":20},"end":{"line":64,"column":21}},"loc":{"start":{"line":64,"column":41},"end":{"line":71,"column":2}},"line":64},"15":{"name":"(anonymous_15)","decl":{"start":{"line":69,"column":22},"end":{"line":69,"column":28}},"loc":{"start":{"line":69,"column":28},"end":{"line":69,"column":null}},"line":69},"16":{"name":"(anonymous_16)","decl":{"start":{"line":70,"column":20},"end":{"line":70,"column":26}},"loc":{"start":{"line":70,"column":26},"end":{"line":70,"column":null}},"line":70},"17":{"name":"saveAutoAnnounce","decl":{"start":{"line":74,"column":22},"end":{"line":74,"column":39}},"loc":{"start":{"line":74,"column":72},"end":{"line":84,"column":null}},"line":74},"18":{"name":"(anonymous_18)","decl":{"start":{"line":76,"column":20},"end":{"line":76,"column":21}},"loc":{"start":{"line":76,"column":41},"end":{"line":83,"column":2}},"line":76},"19":{"name":"(anonymous_19)","decl":{"start":{"line":81,"column":22},"end":{"line":81,"column":28}},"loc":{"start":{"line":81,"column":28},"end":{"line":81,"column":null}},"line":81},"20":{"name":"(anonymous_20)","decl":{"start":{"line":82,"column":20},"end":{"line":82,"column":26}},"loc":{"start":{"line":82,"column":26},"end":{"line":82,"column":null}},"line":82},"21":{"name":"loadAutoAnnounce","decl":{"start":{"line":86,"column":22},"end":{"line":86,"column":59}},"loc":{"start":{"line":86,"column":59},"end":{"line":96,"column":null}},"line":86},"22":{"name":"(anonymous_22)","decl":{"start":{"line":88,"column":20},"end":{"line":88,"column":21}},"loc":{"start":{"line":88,"column":41},"end":{"line":95,"column":2}},"line":88},"23":{"name":"(anonymous_23)","decl":{"start":{"line":93,"column":22},"end":{"line":93,"column":28}},"loc":{"start":{"line":93,"column":28},"end":{"line":93,"column":null}},"line":93},"24":{"name":"(anonymous_24)","decl":{"start":{"line":94,"column":20},"end":{"line":94,"column":26}},"loc":{"start":{"line":94,"column":26},"end":{"line":94,"column":null}},"line":94}},"branchMap":{"0":{"loc":{"start":{"line":20,"column":3},"end":{"line":22,"column":null}},"type":"if","locations":[{"start":{"line":20,"column":3},"end":{"line":22,"column":null}},{"start":{},"end":{}}],"line":20},"1":{"loc":{"start":{"line":23,"column":3},"end":{"line":25,"column":null}},"type":"if","locations":[{"start":{"line":23,"column":3},"end":{"line":25,"column":null}},{"start":{},"end":{}}],"line":23},"2":{"loc":{"start":{"line":57,"column":36},"end":{"line":57,"column":58}},"type":"binary-expr","locations":[{"start":{"line":57,"column":36},"end":{"line":57,"column":54}},{"start":{"line":57,"column":54},"end":{"line":57,"column":58}}],"line":57}},"s":{"0":1,"1":1,"2":1,"3":1,"4":1,"5":11,"6":11,"7":11,"8":1,"9":1,"10":1,"11":1,"12":1,"13":11,"14":11,"15":11,"16":0,"17":2,"18":2,"19":2,"20":2,"21":2,"22":2,"23":2,"24":2,"25":0,"26":3,"27":3,"28":3,"29":3,"30":3,"31":3,"32":3,"33":3,"34":0,"35":1,"36":1,"37":1,"38":1,"39":1,"40":1,"41":1,"42":1,"43":0,"44":2,"45":2,"46":2,"47":2,"48":2,"49":2,"50":2,"51":2,"52":0,"53":3,"54":3,"55":3,"56":3,"57":3,"58":3,"59":3,"60":3,"61":0},"f":{"0":11,"1":11,"2":1,"3":11,"4":0,"5":2,"6":2,"7":2,"8":0,"9":3,"10":3,"11":3,"12":0,"13":1,"14":1,"15":1,"16":0,"17":2,"18":2,"19":2,"20":0,"21":3,"22":3,"23":3,"24":0},"b":{"0":[1,0],"1":[1,0],"2":[3,2]},"meta":{"lastBranch":3,"lastFunction":25,"lastStatement":62,"seen":{"s:1:16:1:Infinity":0,"s:2:19:2:Infinity":1,"s:3:23:3:Infinity":2,"s:4:21:4:Infinity":3,"s:5:26:5:Infinity":4,"f:14:9:14:40":0,"s:15:1:35:Infinity":5,"f:15:20:15:21":1,"s:16:18:16:Infinity":6,"s:18:2:26:Infinity":7,"f:18:28:18:29":2,"s:19:15:19:Infinity":8,"b:20:3:22:Infinity:undefined:undefined:undefined:undefined":0,"s:20:3:22:Infinity":9,"s:21:4:21:Infinity":10,"b:23:3:25:Infinity:undefined:undefined:undefined:undefined":1,"s:23:3:25:Infinity":11,"s:24:4:24:Infinity":12,"s:28:2:30:Infinity":13,"f:28:22:28:23":3,"s:29:3:29:Infinity":14,"s:32:2:34:Infinity":15,"f:32:20:32:21":4,"s:33:3:33:Infinity":16,"f:38:22:38:35":5,"s:39:12:39:Infinity":17,"s:40:1:47:Infinity":18,"f:40:20:40:21":6,"s:41:22:41:Infinity":19,"s:42:16:42:Infinity":20,"s:43:18:43:Infinity":21,"s:45:2:45:Infinity":22,"f:45:22:45:28":7,"s:45:28:45:Infinity":23,"s:46:2:46:Infinity":24,"f:46:20:46:26":8,"s:46:26:46:Infinity":25,"f:50:22:50:63":9,"s:51:12:51:Infinity":26,"s:52:1:59:Infinity":27,"f:52:20:52:21":10,"s:53:22:53:Infinity":28,"s:54:16:54:Infinity":29,"s:55:18:55:Infinity":30,"s:57:2:57:Infinity":31,"f:57:22:57:28":11,"s:57:28:57:Infinity":32,"b:57:36:57:54:57:54:57:58":2,"s:58:2:58:Infinity":33,"f:58:20:58:26":12,"s:58:26:58:Infinity":34,"f:62:22:62:53":13,"s:63:12:63:Infinity":35,"s:64:1:71:Infinity":36,"f:64:20:64:21":14,"s:65:22:65:Infinity":37,"s:66:16:66:Infinity":38,"s:67:18:67:Infinity":39,"s:69:2:69:Infinity":40,"f:69:22:69:28":15,"s:69:28:69:Infinity":41,"s:70:2:70:Infinity":42,"f:70:20:70:26":16,"s:70:26:70:Infinity":43,"f:74:22:74:39":17,"s:75:12:75:Infinity":44,"s:76:1:83:Infinity":45,"f:76:20:76:21":18,"s:77:22:77:Infinity":46,"s:78:16:78:Infinity":47,"s:79:18:79:Infinity":48,"s:81:2:81:Infinity":49,"f:81:22:81:28":19,"s:81:28:81:Infinity":50,"s:82:2:82:Infinity":51,"f:82:20:82:26":20,"s:82:26:82:Infinity":52,"f:86:22:86:59":21,"s:87:12:87:Infinity":53,"s:88:1:95:Infinity":54,"f:88:20:88:21":22,"s:89:22:89:Infinity":55,"s:90:16:90:Infinity":56,"s:91:18:91:Infinity":57,"s:93:2:93:Infinity":58,"f:93:22:93:28":23,"s:93:28:93:Infinity":59,"s:94:2:94:Infinity":60,"f:94:20:94:26":24,"s:94:26:94:Infinity":61}}}
,"/mnt/projects/quad4-reticulum-go-wasm/frontend/src/lib/version.ts": {"path":"/mnt/projects/quad4-reticulum-go-wasm/frontend/src/lib/version.ts","statementMap":{"0":{"start":{"line":2,"column":1},"end":{"line":10,"column":null}},"1":{"start":{"line":3,"column":19},"end":{"line":3,"column":null}},"2":{"start":{"line":4,"column":2},"end":{"line":7,"column":null}},"3":{"start":{"line":5,"column":16},"end":{"line":5,"column":null}},"4":{"start":{"line":6,"column":3},"end":{"line":6,"column":null}},"5":{"start":{"line":11,"column":1},"end":{"line":11,"column":null}},"6":{"start":{"line":15,"column":1},"end":{"line":23,"column":null}},"7":{"start":{"line":16,"column":19},"end":{"line":16,"column":null}},"8":{"start":{"line":17,"column":2},"end":{"line":20,"column":null}},"9":{"start":{"line":18,"column":16},"end":{"line":18,"column":null}},"10":{"start":{"line":19,"column":3},"end":{"line":19,"column":null}},"11":{"start":{"line":24,"column":1},"end":{"line":24,"column":null}},"12":{"start":{"line":28,"column":1},"end":{"line":28,"column":null}},"13":{"start":{"line":28,"column":17},"end":{"line":28,"column":null}},"14":{"start":{"line":29,"column":14},"end":{"line":29,"column":null}},"15":{"start":{"line":30,"column":13},"end":{"line":30,"column":null}},"16":{"start":{"line":31,"column":14},"end":{"line":31,"column":null}},"17":{"start":{"line":33,"column":1},"end":{"line":33,"column":null}},"18":{"start":{"line":33,"column":16},"end":{"line":33,"column":null}},"19":{"start":{"line":34,"column":17},"end":{"line":34,"column":null}},"20":{"start":{"line":35,"column":1},"end":{"line":35,"column":null}},"21":{"start":{"line":35,"column":19},"end":{"line":35,"column":null}},"22":{"start":{"line":36,"column":15},"end":{"line":36,"column":null}},"23":{"start":{"line":37,"column":1},"end":{"line":37,"column":null}},"24":{"start":{"line":37,"column":17},"end":{"line":37,"column":null}},"25":{"start":{"line":38,"column":14},"end":{"line":38,"column":null}},"26":{"start":{"line":39,"column":1},"end":{"line":39,"column":null}},"27":{"start":{"line":39,"column":16},"end":{"line":39,"column":null}},"28":{"start":{"line":40,"column":16},"end":{"line":40,"column":null}},"29":{"start":{"line":41,"column":1},"end":{"line":41,"column":null}},"30":{"start":{"line":41,"column":18},"end":{"line":41,"column":null}},"31":{"start":{"line":42,"column":15},"end":{"line":42,"column":null}},"32":{"start":{"line":43,"column":1},"end":{"line":43,"column":null}}},"fnMap":{"0":{"name":"getLatestTag","decl":{"start":{"line":1,"column":22},"end":{"line":1,"column":37}},"loc":{"start":{"line":1,"column":37},"end":{"line":12,"column":null}},"line":1},"1":{"name":"getRepoUpdatedAt","decl":{"start":{"line":14,"column":22},"end":{"line":14,"column":41}},"loc":{"start":{"line":14,"column":41},"end":{"line":25,"column":null}},"line":14},"2":{"name":"calculateTimeAgo","decl":{"start":{"line":27,"column":16},"end":{"line":27,"column":33}},"loc":{"start":{"line":27,"column":59},"end":{"line":44,"column":null}},"line":27}},"branchMap":{"0":{"loc":{"start":{"line":4,"column":2},"end":{"line":7,"column":null}},"type":"if","locations":[{"start":{"line":4,"column":2},"end":{"line":7,"column":null}},{"start":{},"end":{}}],"line":4},"1":{"loc":{"start":{"line":6,"column":10},"end":{"line":6,"column":null}},"type":"binary-expr","locations":[{"start":{"line":6,"column":10},"end":{"line":6,"column":29}},{"start":{"line":6,"column":29},"end":{"line":6,"column":null}}],"line":6},"2":{"loc":{"start":{"line":17,"column":2},"end":{"line":20,"column":null}},"type":"if","locations":[{"start":{"line":17,"column":2},"end":{"line":20,"column":null}},{"start":{},"end":{}}],"line":17},"3":{"loc":{"start":{"line":19,"column":10},"end":{"line":19,"column":null}},"type":"binary-expr","locations":[{"start":{"line":19,"column":10},"end":{"line":19,"column":29}},{"start":{"line":19,"column":29},"end":{"line":19,"column":null}}],"line":19},"4":{"loc":{"start":{"line":28,"column":1},"end":{"line":28,"column":null}},"type":"if","locations":[{"start":{"line":28,"column":1},"end":{"line":28,"column":null}},{"start":{},"end":{}}],"line":28},"5":{"loc":{"start":{"line":33,"column":1},"end":{"line":33,"column":null}},"type":"if","locations":[{"start":{"line":33,"column":1},"end":{"line":33,"column":null}},{"start":{},"end":{}}],"line":33},"6":{"loc":{"start":{"line":35,"column":1},"end":{"line":35,"column":null}},"type":"if","locations":[{"start":{"line":35,"column":1},"end":{"line":35,"column":null}},{"start":{},"end":{}}],"line":35},"7":{"loc":{"start":{"line":37,"column":1},"end":{"line":37,"column":null}},"type":"if","locations":[{"start":{"line":37,"column":1},"end":{"line":37,"column":null}},{"start":{},"end":{}}],"line":37},"8":{"loc":{"start":{"line":39,"column":1},"end":{"line":39,"column":null}},"type":"if","locations":[{"start":{"line":39,"column":1},"end":{"line":39,"column":null}},{"start":{},"end":{}}],"line":39},"9":{"loc":{"start":{"line":41,"column":1},"end":{"line":41,"column":null}},"type":"if","locations":[{"start":{"line":41,"column":1},"end":{"line":41,"column":null}},{"start":{},"end":{}}],"line":41}},"s":{"0":4,"1":4,"2":3,"3":2,"4":2,"5":2,"6":3,"7":3,"8":2,"9":1,"10":1,"11":2,"12":7,"13":1,"14":6,"15":6,"16":6,"17":6,"18":1,"19":5,"20":5,"21":1,"22":4,"23":4,"24":1,"25":3,"26":3,"27":1,"28":2,"29":2,"30":2,"31":1,"32":1},"f":{"0":4,"1":3,"2":7},"b":{"0":[2,1],"1":[2,1],"2":[1,1],"3":[1,0],"4":[1,6],"5":[1,5],"6":[1,4],"7":[1,3],"8":[1,2],"9":[1,1]},"meta":{"lastBranch":10,"lastFunction":3,"lastStatement":33,"seen":{"f:1:22:1:37":0,"s:2:1:10:Infinity":0,"s:3:19:3:Infinity":1,"b:4:2:7:Infinity:undefined:undefined:undefined:undefined":0,"s:4:2:7:Infinity":2,"s:5:16:5:Infinity":3,"s:6:3:6:Infinity":4,"b:6:10:6:29:6:29:6:Infinity":1,"s:11:1:11:Infinity":5,"f:14:22:14:41":1,"s:15:1:23:Infinity":6,"s:16:19:16:Infinity":7,"b:17:2:20:Infinity:undefined:undefined:undefined:undefined":2,"s:17:2:20:Infinity":8,"s:18:16:18:Infinity":9,"s:19:3:19:Infinity":10,"b:19:10:19:29:19:29:19:Infinity":3,"s:24:1:24:Infinity":11,"f:27:16:27:33":2,"b:28:1:28:Infinity:undefined:undefined:undefined:undefined":4,"s:28:1:28:Infinity":12,"s:28:17:28:Infinity":13,"s:29:14:29:Infinity":14,"s:30:13:30:Infinity":15,"s:31:14:31:Infinity":16,"b:33:1:33:Infinity:undefined:undefined:undefined:undefined":5,"s:33:1:33:Infinity":17,"s:33:16:33:Infinity":18,"s:34:17:34:Infinity":19,"b:35:1:35:Infinity:undefined:undefined:undefined:undefined":6,"s:35:1:35:Infinity":20,"s:35:19:35:Infinity":21,"s:36:15:36:Infinity":22,"b:37:1:37:Infinity:undefined:undefined:undefined:undefined":7,"s:37:1:37:Infinity":23,"s:37:17:37:Infinity":24,"s:38:14:38:Infinity":25,"b:39:1:39:Infinity:undefined:undefined:undefined:undefined":8,"s:39:1:39:Infinity":26,"s:39:16:39:Infinity":27,"s:40:16:40:Infinity":28,"b:41:1:41:Infinity:undefined:undefined:undefined:undefined":9,"s:41:1:41:Infinity":29,"s:41:18:41:Infinity":30,"s:42:15:42:Infinity":31,"s:43:1:43:Infinity":32}}}
,"/mnt/projects/quad4-reticulum-go-wasm/frontend/src/routes/api/repo-info/+server.ts": {"path":"/mnt/projects/quad4-reticulum-go-wasm/frontend/src/routes/api/repo-info/+server.ts","statementMap":{"0":{"start":{"line":3,"column":17},"end":{"line":3,"column":null}},"1":{"start":{"line":4,"column":19},"end":{"line":4,"column":null}},"2":{"start":{"line":5,"column":18},"end":{"line":5,"column":null}},"3":{"start":{"line":6,"column":18},"end":{"line":6,"column":null}},"4":{"start":{"line":8,"column":68},"end":{"line":8,"column":null}},"5":{"start":{"line":9,"column":18},"end":{"line":9,"column":null}},"6":{"start":{"line":12,"column":1},"end":{"line":31,"column":null}},"7":{"start":{"line":13,"column":14},"end":{"line":13,"column":null}},"8":{"start":{"line":14,"column":19},"end":{"line":18,"column":null}},"9":{"start":{"line":20,"column":2},"end":{"line":22,"column":null}},"10":{"start":{"line":21,"column":3},"end":{"line":21,"column":null}},"11":{"start":{"line":24,"column":15},"end":{"line":24,"column":null}},"12":{"start":{"line":25,"column":2},"end":{"line":27,"column":null}},"13":{"start":{"line":26,"column":3},"end":{"line":26,"column":null}},"14":{"start":{"line":28,"column":2},"end":{"line":28,"column":null}},"15":{"start":{"line":30,"column":2},"end":{"line":30,"column":null}},"16":{"start":{"line":35,"column":1},"end":{"line":51,"column":null}},"17":{"start":{"line":36,"column":14},"end":{"line":36,"column":null}},"18":{"start":{"line":37,"column":19},"end":{"line":41,"column":null}},"19":{"start":{"line":43,"column":2},"end":{"line":45,"column":null}},"20":{"start":{"line":44,"column":3},"end":{"line":44,"column":null}},"21":{"start":{"line":47,"column":15},"end":{"line":47,"column":null}},"22":{"start":{"line":48,"column":2},"end":{"line":48,"column":null}},"23":{"start":{"line":50,"column":2},"end":{"line":50,"column":null}},"24":{"start":{"line":55,"column":26},"end":{"line":55,"column":null}},"25":{"start":{"line":57,"column":1},"end":{"line":63,"column":null}},"26":{"start":{"line":58,"column":2},"end":{"line":61,"column":null}},"27":{"start":{"line":62,"column":2},"end":{"line":62,"column":null}},"28":{"start":{"line":66,"column":35},"end":{"line":94,"column":null}},"29":{"start":{"line":67,"column":13},"end":{"line":67,"column":null}},"30":{"start":{"line":69,"column":1},"end":{"line":75,"column":null}},"31":{"start":{"line":70,"column":2},"end":{"line":74,"column":null}},"32":{"start":{"line":71,"column":3},"end":{"line":71,"column":null}},"33":{"start":{"line":73,"column":3},"end":{"line":73,"column":null}},"34":{"start":{"line":77,"column":1},"end":{"line":87,"column":null}},"35":{"start":{"line":78,"column":2},"end":{"line":86,"column":null}},"36":{"start":{"line":89,"column":1},"end":{"line":93,"column":null}}},"fnMap":{"0":{"name":"fetchLatestTag","decl":{"start":{"line":11,"column":15},"end":{"line":11,"column":56}},"loc":{"start":{"line":11,"column":56},"end":{"line":32,"column":null}},"line":11},"1":{"name":"fetchRepoInfo","decl":{"start":{"line":34,"column":15},"end":{"line":34,"column":55}},"loc":{"start":{"line":34,"column":55},"end":{"line":52,"column":null}},"line":34},"2":{"name":"refreshCache","decl":{"start":{"line":54,"column":15},"end":{"line":54,"column":30}},"loc":{"start":{"line":54,"column":30},"end":{"line":64,"column":null}},"line":54},"3":{"name":"(anonymous_3)","decl":{"start":{"line":66,"column":35},"end":{"line":66,"column":47}},"loc":{"start":{"line":66,"column":47},"end":{"line":94,"column":null}},"line":66}},"branchMap":{"0":{"loc":{"start":{"line":20,"column":2},"end":{"line":22,"column":null}},"type":"if","locations":[{"start":{"line":20,"column":2},"end":{"line":22,"column":null}},{"start":{},"end":{}}],"line":20},"1":{"loc":{"start":{"line":25,"column":2},"end":{"line":27,"column":null}},"type":"if","locations":[{"start":{"line":25,"column":2},"end":{"line":27,"column":null}},{"start":{},"end":{}}],"line":25},"2":{"loc":{"start":{"line":25,"column":6},"end":{"line":25,"column":46}},"type":"binary-expr","locations":[{"start":{"line":25,"column":6},"end":{"line":25,"column":29}},{"start":{"line":25,"column":29},"end":{"line":25,"column":46}}],"line":25},"3":{"loc":{"start":{"line":26,"column":10},"end":{"line":26,"column":null}},"type":"binary-expr","locations":[{"start":{"line":26,"column":10},"end":{"line":26,"column":26}},{"start":{"line":26,"column":26},"end":{"line":26,"column":null}}],"line":26},"4":{"loc":{"start":{"line":43,"column":2},"end":{"line":45,"column":null}},"type":"if","locations":[{"start":{"line":43,"column":2},"end":{"line":45,"column":null}},{"start":{},"end":{}}],"line":43},"5":{"loc":{"start":{"line":48,"column":9},"end":{"line":48,"column":null}},"type":"binary-expr","locations":[{"start":{"line":48,"column":9},"end":{"line":48,"column":28}},{"start":{"line":48,"column":28},"end":{"line":48,"column":null}}],"line":48},"6":{"loc":{"start":{"line":57,"column":1},"end":{"line":63,"column":null}},"type":"if","locations":[{"start":{"line":57,"column":1},"end":{"line":63,"column":null}},{"start":{},"end":{}}],"line":57},"7":{"loc":{"start":{"line":57,"column":5},"end":{"line":57,"column":23}},"type":"binary-expr","locations":[{"start":{"line":57,"column":5},"end":{"line":57,"column":12}},{"start":{"line":57,"column":12},"end":{"line":57,"column":23}}],"line":57},"8":{"loc":{"start":{"line":69,"column":1},"end":{"line":75,"column":null}},"type":"if","locations":[{"start":{"line":69,"column":1},"end":{"line":75,"column":null}},{"start":{},"end":{}}],"line":69},"9":{"loc":{"start":{"line":69,"column":5},"end":{"line":69,"column":51}},"type":"binary-expr","locations":[{"start":{"line":69,"column":5},"end":{"line":69,"column":20}},{"start":{"line":69,"column":20},"end":{"line":69,"column":51}}],"line":69},"10":{"loc":{"start":{"line":77,"column":1},"end":{"line":87,"column":null}},"type":"if","locations":[{"start":{"line":77,"column":1},"end":{"line":87,"column":null}},{"start":{},"end":{}}],"line":77}},"s":{"0":2,"1":2,"2":2,"3":2,"4":2,"5":2,"6":2,"7":2,"8":2,"9":1,"10":0,"11":1,"12":1,"13":1,"14":0,"15":1,"16":2,"17":2,"18":2,"19":1,"20":0,"21":1,"22":1,"23":1,"24":2,"25":2,"26":1,"27":1,"28":2,"29":2,"30":2,"31":2,"32":2,"33":0,"34":2,"35":1,"36":1},"f":{"0":2,"1":2,"2":2,"3":2},"b":{"0":[0,1],"1":[1,0],"2":[1,1],"3":[1,0],"4":[0,1],"5":[1,0],"6":[1,1],"7":[2,1],"8":[2,0],"9":[2,0],"10":[1,1]},"meta":{"lastBranch":11,"lastFunction":4,"lastStatement":37,"seen":{"s:3:17:3:Infinity":0,"s:4:19:4:Infinity":1,"s:5:18:5:Infinity":2,"s:6:18:6:Infinity":3,"s:8:68:8:Infinity":4,"s:9:18:9:Infinity":5,"f:11:15:11:56":0,"s:12:1:31:Infinity":6,"s:13:14:13:Infinity":7,"s:14:19:18:Infinity":8,"b:20:2:22:Infinity:undefined:undefined:undefined:undefined":0,"s:20:2:22:Infinity":9,"s:21:3:21:Infinity":10,"s:24:15:24:Infinity":11,"b:25:2:27:Infinity:undefined:undefined:undefined:undefined":1,"s:25:2:27:Infinity":12,"b:25:6:25:29:25:29:25:46":2,"s:26:3:26:Infinity":13,"b:26:10:26:26:26:26:26:Infinity":3,"s:28:2:28:Infinity":14,"s:30:2:30:Infinity":15,"f:34:15:34:55":1,"s:35:1:51:Infinity":16,"s:36:14:36:Infinity":17,"s:37:19:41:Infinity":18,"b:43:2:45:Infinity:undefined:undefined:undefined:undefined":4,"s:43:2:45:Infinity":19,"s:44:3:44:Infinity":20,"s:47:15:47:Infinity":21,"s:48:2:48:Infinity":22,"b:48:9:48:28:48:28:48:Infinity":5,"s:50:2:50:Infinity":23,"f:54:15:54:30":2,"s:55:26:55:Infinity":24,"b:57:1:63:Infinity:undefined:undefined:undefined:undefined":6,"s:57:1:63:Infinity":25,"b:57:5:57:12:57:12:57:23":7,"s:58:2:61:Infinity":26,"s:62:2:62:Infinity":27,"s:66:35:94:Infinity":28,"f:66:35:66:47":3,"s:67:13:67:Infinity":29,"b:69:1:75:Infinity:undefined:undefined:undefined:undefined":8,"s:69:1:75:Infinity":30,"b:69:5:69:20:69:20:69:51":9,"s:70:2:74:Infinity":31,"s:71:3:71:Infinity":32,"s:73:3:73:Infinity":33,"b:77:1:87:Infinity:undefined:undefined:undefined:undefined":10,"s:77:1:87:Infinity":34,"s:78:2:86:Infinity":35,"s:89:1:93:Infinity":36}}}
}
